#
# There is insufficient memory for the Java Runtime Environment to continue.
# Native memory allocation (mmap) failed to map 266338304 bytes. Error detail: G1 virtual space
# Possible reasons:
#   The system is out of physical RAM or swap space
#   This process is running with CompressedOops enabled, and the Java Heap may be blocking the growth of the native heap
# Possible solutions:
#   Reduce memory load on the system
#   Increase physical memory or swap space
#   Check if swap backing store is full
#   Decrease Java heap size (-Xmx/-Xms)
#   Decrease number of Java threads
#   Decrease Java thread stack sizes (-Xss)
#   Set larger code cache with -XX:ReservedCodeCacheSize=
#   JVM is running with Zero Based Compressed Oops mode in which the Java heap is
#     placed in the first 32GB address space. The Java Heap base address is the
#     maximum limit for the native heap growth. Please use -XX:HeapBaseMinAddress
#     to set the Java Heap base and to place the Java Heap above 32GB virtual address.
# This output file may be truncated or incomplete.
#
#  Out of Memory Error (os_windows.cpp:3926), pid=30468, tid=28936
#
# JRE version:  (21.0.10) (build )
# Java VM: OpenJDK 64-Bit Server VM (21.0.10+-14961533-b1163.108, mixed mode, sharing, tiered, compressed oops, compressed class ptrs, g1 gc, windows-amd64)
# No core dump will be written. Minidumps are not enabled by default on client versions of Windows
#

---------------  S U M M A R Y ------------

Command Line: 

Host: Intel(R) Core(TM) i7-10750H CPU @ 2.60GHz, 12 cores, 15G,  Windows 11 , 64 bit Build 26100 (10.0.26100.8875)
Time: Sun Jul 19 18:28:07 2026 T僡kiye Standart Saati elapsed time: 0.010714 seconds (0d 0h 0m 0s)

---------------  T H R E A D  ---------------

Current thread (0x00000277098bb6e0):  JavaThread "Unknown thread" [_thread_in_vm, id=28936, stack(0x000000b54a300000,0x000000b54a400000) (1024K)]

Stack: [0x000000b54a300000,0x000000b54a400000]
Native frames: (J=compiled Java code, j=interpreted, Vv=VM code, C=native code)
V  [jvm.dll+0x6d78a9]
V  [jvm.dll+0x8665b3]
V  [jvm.dll+0x868bde]
V  [jvm.dll+0x8692c3]
V  [jvm.dll+0x280ee6]
V  [jvm.dll+0x6d4165]
V  [jvm.dll+0x6c77fa]
V  [jvm.dll+0x358f4b]
V  [jvm.dll+0x360bc6]
V  [jvm.dll+0x3b2ea6]
V  [jvm.dll+0x3b3178]
V  [jvm.dll+0x32b65c]
V  [jvm.dll+0x32c34b]
V  [jvm.dll+0x82f449]
V  [jvm.dll+0x3c0078]
V  [jvm.dll+0x8185e8]
V  [jvm.dll+0x45449e]
V  [jvm.dll+0x455c01]
C  [jli.dll+0x52ab]
C  [ucrtbase.dll+0x2cd30]
C  [KERNEL32.DLL+0x2e957]
C  [ntdll.dll+0xaad6c]


---------------  P R O C E S S  ---------------

Threads class SMR info:
_java_thread_list=0x00007ffcb012b9c8, length=0, elements={
}

Java Threads: ( => current thread )
Total: 0

Other Threads:
  0x000002770bc140c0 WorkerThread "GC Thread#0"                     [id=28940, stack(0x000000b54a400000,0x000000b54a500000) (1024K)]
  0x00000277232027b0 ConcurrentGCThread "G1 Main Marker"            [id=13832, stack(0x000000b54a500000,0x000000b54a600000) (1024K)]
  0x00000277232030d0 WorkerThread "G1 Conc#0"                       [id=9072, stack(0x000000b54a600000,0x000000b54a700000) (1024K)]

[error occurred during error reporting (printing all threads), id 0xc0000005, EXCEPTION_ACCESS_VIOLATION (0xc0000005) at pc=0x00007ffcaf91e637]
VM state: not at safepoint (not fully initialized)

VM Mutex/Monitor currently owned by a thread:  ([mutex/lock_event])
[0x00007ffcb01987d0] Heap_lock - owner thread: 0x00000277098bb6e0

Heap address: 0x0000000702000000, size: 4064 MB, Compressed Oops mode: Zero based, Oop shift amount: 3

CDS archive(s) mapped at: [0x0000000000000000-0x0000000000000000-0x0000000000000000), size 0, SharedBaseAddress: 0x0000000800000000, ArchiveRelocationMode: 1.
Narrow klass base: 0x0000000000000000, Narrow klass shift: 0, Narrow klass range: 0x0

GC Precious Log:
 CardTable entry size: 512
 Card Set container configuration: InlinePtr #cards 4 size 8 Array Of Cards #cards 16 size 48 Howl #buckets 8 coarsen threshold 3686 Howl Bitmap #cards 512 size 80 coarsen threshold 460 Card regions per heap region 1 cards per card region 4096

Heap:
 garbage-first heap   total 0K, used 0K [0x0000000702000000, 0x0000000800000000)
  region size 2048K, 0 young (0K), 0 survivors (0K)
 Metaspace       used 0K, committed 0K, reserved 0K
  class space    used 0K, committed 0K, reserved 0K

Heap Regions: E=young(eden), S=young(survivor), O=old, HS=humongous(starts), HC=humongous(continues), CS=collection set, F=free, TAMS=top-at-mark-start, PB=parsable bottom

Card table byte_map: [0x000002771ea50000,0x000002771f240000] _byte_map_base: 0x000002771b240000

Marking Bits: (CMBitMap*) 0x000002770bc147d0
 Bits: [0x000002771f240000, 0x00000277231c0000)

GC Heap History (0 events):
No events

Dll operation events (1 events):
Event: 0.007 Loaded shared library C:\Program Files\Android\Android Studio\jbr\bin\java.dll

Deoptimization events (0 events):
No events

Classes loaded (0 events):
No events

Classes unloaded (0 events):
No events

Classes redefined (0 events):
No events

Internal exceptions (0 events):
No events

ZGC Phase Switch (0 events):
No events

VM Operations (0 events):
No events

Memory protections (0 events):
No events

Nmethod flushes (0 events):
No events

Events (0 events):
No events


Dynamic libraries:
0x00007ff7a3e40000 - 0x00007ff7a3e4a000 	C:\Program Files\Android\Android Studio\jbr\bin\java.EXE
0x00007ffdd3300000 - 0x00007ffdd3566000 	C:\WINDOWS\SYSTEM32\ntdll.dll
0x00007ffdd28b0000 - 0x00007ffdd2979000 	C:\WINDOWS\System32\KERNEL32.DLL
0x00007ffdd0830000 - 0x00007ffdd0c2e000 	C:\WINDOWS\System32\KERNELBASE.dll
0x00007ffdccfe0000 - 0x00007ffdcd080000 	C:\WINDOWS\SYSTEM32\apphelp.dll
0x00007ffdd06d0000 - 0x00007ffdd081c000 	C:\WINDOWS\System32\ucrtbase.dll
0x00007ffda8ba0000 - 0x00007ffda8bb8000 	C:\Program Files\Android\Android Studio\jbr\bin\jli.dll
0x00007ffd6a890000 - 0x00007ffd6a8ab000 	C:\Program Files\Android\Android Studio\jbr\bin\VCRUNTIME140.dll
0x00007ffdd2f70000 - 0x00007ffdd3137000 	C:\WINDOWS\System32\USER32.dll
0x00007ffdbafb0000 - 0x00007ffdbb242000 	C:\WINDOWS\WinSxS\amd64_microsoft.windows.common-controls_6595b64144ccf1df_6.0.26100.8894_none_3e0f749ee32e02ea\COMCTL32.dll
0x00007ffdd06a0000 - 0x00007ffdd06c7000 	C:\WINDOWS\System32\win32u.dll
0x00007ffdd14f0000 - 0x00007ffdd1599000 	C:\WINDOWS\System32\msvcrt.dll
0x00007ffdd2880000 - 0x00007ffdd28ab000 	C:\WINDOWS\System32\GDI32.dll
0x00007ffdd0f00000 - 0x00007ffdd102a000 	C:\WINDOWS\System32\gdi32full.dll
0x00007ffdd0c40000 - 0x00007ffdd0ce3000 	C:\WINDOWS\System32\msvcp_win.dll
0x00007ffdd2980000 - 0x00007ffdd29b2000 	C:\WINDOWS\System32\IMM32.DLL
0x00007ffdc7f30000 - 0x00007ffdc7f3c000 	C:\Program Files\Android\Android Studio\jbr\bin\vcruntime140_1.dll
0x00007ffd67550000 - 0x00007ffd675dd000 	C:\Program Files\Android\Android Studio\jbr\bin\msvcp140.dll
0x00007ffcaf5e0000 - 0x00007ffcb0276000 	C:\Program Files\Android\Android Studio\jbr\bin\server\jvm.dll
0x00007ffdd2250000 - 0x00007ffdd2307000 	C:\WINDOWS\System32\ADVAPI32.dll
0x00007ffdd21a0000 - 0x00007ffdd224a000 	C:\WINDOWS\System32\sechost.dll
0x00007ffdd3140000 - 0x00007ffdd3258000 	C:\WINDOWS\System32\RPCRT4.dll
0x00007ffdd1440000 - 0x00007ffdd14c0000 	C:\WINDOWS\System32\WS2_32.dll
0x00007ffdd0380000 - 0x00007ffdd03de000 	C:\WINDOWS\SYSTEM32\POWRPROF.dll
0x00007ffdc5860000 - 0x00007ffdc586b000 	C:\WINDOWS\SYSTEM32\VERSION.dll
0x00007ffdbcf60000 - 0x00007ffdbcf96000 	C:\WINDOWS\SYSTEM32\WINMM.dll
0x00007ffdd0360000 - 0x00007ffdd0374000 	C:\WINDOWS\SYSTEM32\UMPDC.dll
0x00007ffdcf200000 - 0x00007ffdcf21b000 	C:\WINDOWS\SYSTEM32\kernel.appcore.dll
0x00007ffdc7c30000 - 0x00007ffdc7c3a000 	C:\Program Files\Android\Android Studio\jbr\bin\jimage.dll
0x00007ffdcda90000 - 0x00007ffdcdcd2000 	C:\WINDOWS\SYSTEM32\DBGHELP.DLL
0x00007ffdd29c0000 - 0x00007ffdd2d43000 	C:\WINDOWS\System32\combase.dll
0x00007ffdd2310000 - 0x00007ffdd23e9000 	C:\WINDOWS\System32\OLEAUT32.dll
0x00007ffdb9590000 - 0x00007ffdb95cb000 	C:\WINDOWS\SYSTEM32\dbgcore.DLL
0x00007ffdd0e40000 - 0x00007ffdd0eec000 	C:\WINDOWS\System32\bcryptPrimitives.dll
0x00007ffd68da0000 - 0x00007ffd68dc0000 	C:\Program Files\Android\Android Studio\jbr\bin\java.dll

JVMTI agents: none

dbghelp: loaded successfully - version: 4.0.5 - missing functions: none
symbol engine: initialized successfully - sym options: 0x614 - pdb path: .;C:\Program Files\Android\Android Studio\jbr\bin;C:\WINDOWS\SYSTEM32;C:\WINDOWS\WinSxS\amd64_microsoft.windows.common-controls_6595b64144ccf1df_6.0.26100.8894_none_3e0f749ee32e02ea;C:\Program Files\Android\Android Studio\jbr\bin\server

VM Arguments:
java_command: <unknown>
java_class_path (initial): <not set>
Launcher Type: SUN_STANDARD

[Global flags]
     intx CICompilerCount                          = 4                                         {product} {ergonomic}
     uint ConcGCThreads                            = 3                                         {product} {ergonomic}
     uint G1ConcRefinementThreads                  = 10                                        {product} {ergonomic}
   size_t G1HeapRegionSize                         = 2097152                                   {product} {ergonomic}
    uintx GCDrainStackTargetSize                   = 64                                        {product} {ergonomic}
   size_t InitialHeapSize                          = 266338304                                 {product} {ergonomic}
   size_t MarkStackSize                            = 4194304                                   {product} {ergonomic}
   size_t MaxHeapSize                              = 4261412864                                {product} {ergonomic}
   size_t MinHeapDeltaBytes                        = 2097152                                   {product} {ergonomic}
   size_t MinHeapSize                              = 8388608                                   {product} {ergonomic}
    uintx NonNMethodCodeHeapSize                   = 5839372                                {pd product} {ergonomic}
    uintx NonProfiledCodeHeapSize                  = 122909434                              {pd product} {ergonomic}
    uintx ProfiledCodeHeapSize                     = 122909434                              {pd product} {ergonomic}
    uintx ReservedCodeCacheSize                    = 251658240                              {pd product} {ergonomic}
     bool SegmentedCodeCache                       = true                                      {product} {ergonomic}
   size_t SoftMaxHeapSize                          = 4261412864                             {manageable} {ergonomic}
     bool UseCompressedOops                        = true                           {product lp64_product} {ergonomic}
     bool UseG1GC                                  = true                                      {product} {ergonomic}
     bool UseLargePagesIndividualAllocation        = false                                  {pd product} {ergonomic}

Logging:
Log output configuration:
 #0: stdout all=warning uptime,level,tags foldmultilines=false
 #1: stderr all=off uptime,level,tags foldmultilines=false

Release file:
<release file has not been read>
Environment Variables:
PATH=C:\Program Files\Common Files\Oracle\Java\javapath;C:\Program Files (x86)\Common Files\Oracle\Java\javapath;C:\Program Files\Python311\Scripts\;C:\Program Files\Python311\;C:\Program Files\Python312\Scripts\;C:\Program Files\Python312\;C:\Windows\system32;C:\Windows;C:\Windows\System32\Wbem;C:\Windows\System32\WindowsPowerShell\v1.0\;C:\Windows\System32\OpenSSH\;C:\Program Files (x86)\NVIDIA Corporation\PhysX\Common;C:\Program Files\NVIDIA Corporation\NVIDIA NvDLISR;C:\WINDOWS\system32;C:\WINDOWS;C:\WINDOWS\System32\Wbem;C:\WINDOWS\System32\WindowsPowerShell\v1.0\;C:\WINDOWS\System32\OpenSSH\;C:\Program Files\Microsoft SQL Server\150\Tools\Binn\;C:\Program Files\Microsoft SQL Server\Client SDK\ODBC\170\Tools\Binn\;C:\Program Files (x86)\Microsoft SQL Server\160\Tools\Binn\;C:\Program Files\Microsoft SQL Server\160\Tools\Binn\;C:\Program Files\Microsoft SQL Server\160\DTS\Binn\;C:\Program Files (x86)\Microsoft SQL Server\160\DTS\Binn\;C:\Program Files\dotnet\;C:\Program Files\Microsoft;C:\Program Files\Git\cmd;C:\Program Files\Microsoft SQL Server\170\Tools\Binn\;C:\Program Files (x86)\Microsoft SQL Server\170\Tools\Binn\;C:\Program Files\Microsoft SQL Server\Client SDK\ODBC\180\Tools\Binn\;C:\Program Files\Microsoft SQL Server\170\DTS\Binn\;C:\Program Files\nodejs\;C:\Users\isilcemre\AppData\Local\Microsoft\WindowsApps;C:\Users\isilcemre\AppData\Roaming\npm;C:\Users\isilcemre\.dotnet\tools;C:\Users\isilcemre\AppData\Local\Programs\Microsoft VS Code\bin;C:\Users\isilcemre\flutter\bin;C:\Users\isilcemre\Downloads\flutter\bin
USERNAME=isilcemre
OS=Windows_NT
PROCESSOR_IDENTIFIER=Intel64 Family 6 Model 165 Stepping 2, GenuineIntel
TMP=C:\Users\ISILCE~1\AppData\Local\Temp
TEMP=C:\Users\ISILCE~1\AppData\Local\Temp




Periodic native trim disabled

JNI global refs:
JNI global refs: 0, weak refs: 0

JNI global refs memory usage: 0, weak refs: 0

Process memory usage:
Resident Set Size: 14196K (0% of 16642292K total physical memory with 399900K free physical memory)

OOME stack traces (most recent first):
Classloader memory used:

---------------  S Y S T E M  ---------------

OS:
 Windows 11 , 64 bit Build 26100 (10.0.26100.8875)
OS uptime: 0 days 13:18 hours

CPU: total 12 (initial active 12) (6 cores per cpu, 2 threads per core) family 6 model 165 stepping 2 microcode 0xe0, cx8, cmov, fxsr, ht, mmx, 3dnowpref, sse, sse2, sse3, ssse3, sse4.1, sse4.2, popcnt, lzcnt, tsc, tscinvbit, avx, avx2, aes, erms, clmul, bmi1, bmi2, adx, fma, vzeroupper, clflush, clflushopt, rdtscp, f16c, pku
Processor Information for the first 12 processors :
  Max Mhz: 2592, Current Mhz: 2592, Mhz Limit: 2592

Memory: 4k page, system-wide physical 16252M (390M free)
TotalPageFile size 32550M (AvailPageFile size 173M)
current process WorkingSet (physical memory assigned to process): 13M, peak: 13M
current process commit charge ("private bytes"): 64M, peak: 318M

vm_info: OpenJDK 64-Bit Server VM (21.0.10+-14961533-b1163.108) for windows-amd64 JRE (21.0.10+-14961533-b1163.108), built on 2026-03-02T19:58:50Z by "builder" with MS VC++ 16.10 / 16.11 (VS2019)

END.
